##     ##  #######  ##     ## #### ########    ########  ########
###   ### ##     ## ##     ##  ##  ##          ##     ## ##     ##
#### #### ##     ## ##     ##  ##  ##          ##     ## ##     ##
## ### ## ##     ## ##     ##  ##  ######      ##     ## ########
##     ## ##     ##  ##   ##   ##  ##          ##     ## ##     ##
##     ## ##     ##   ## ##    ##  ##          ##     ## ##     ##
##     ##  #######     ###    #### ########    ########  ########

Felix 2018 MIT
2018-08-17 13:53:46.384  INFO 11943 --- [           main] ch.felix.moviedbapi.MovieDb              : Starting MovieDb v2.0 on fegserver with PID 11943 (/home/scorewinner/applications/server/movie-db/movie-score-2.0.jar started by root in /home/scorewinner/applications/server/movie-db)
2018-08-17 13:53:46.387  INFO 11943 --- [           main] ch.felix.moviedbapi.MovieDb              : No active profile set, falling back to default profiles: default
2018-08-17 13:53:46.440  INFO 11943 --- [           main] ConfigServletWebServerApplicationContext : Refreshing org.springframework.boot.web.servlet.context.AnnotationConfigServletWebServerApplicationContext@64b8f8f4: startup date [Fri Aug 17 13:53:46 UTC 2018]; root of context hierarchy
2018-08-17 13:53:47.611  INFO 11943 --- [           main] trationDelegate$BeanPostProcessorChecker : Bean 'org.springframework.transaction.annotation.ProxyTransactionManagementConfiguration' of type [org.springframework.transaction.annotation.ProxyTransactionManagementConfiguration$$EnhancerBySpringCGLIB$$dcc40983] is not eligible for getting processed by all BeanPostProcessors (for example: not eligible for auto-proxying)
2018-08-17 13:53:47.852  INFO 11943 --- [           main] o.s.b.w.embedded.tomcat.TomcatWebServer  : Tomcat initialized with port(s): 8080 (http)
2018-08-17 13:53:47.873  INFO 11943 --- [           main] o.apache.catalina.core.StandardService   : Starting service [Tomcat]
2018-08-17 13:53:47.873  INFO 11943 --- [           main] org.apache.catalina.core.StandardEngine  : Starting Servlet Engine: Apache Tomcat/8.5.31
2018-08-17 13:53:47.881  INFO 11943 --- [ost-startStop-1] o.a.catalina.core.AprLifecycleListener   : The APR based Apache Tomcat Native library which allows optimal performance in production environments was not found on the java.library.path: [/usr/java/packages/lib/amd64:/usr/lib64:/lib64:/lib:/usr/lib]
2018-08-17 13:53:47.958  INFO 11943 --- [ost-startStop-1] o.a.c.c.C.[Tomcat].[localhost].[/]       : Initializing Spring embedded WebApplicationContext
2018-08-17 13:53:47.959  INFO 11943 --- [ost-startStop-1] o.s.web.context.ContextLoader            : Root WebApplicationContext: initialization completed in 1522 ms
2018-08-17 13:53:48.062  INFO 11943 --- [ost-startStop-1] o.s.b.w.servlet.ServletRegistrationBean  : Servlet dispatcherServlet mapped to [/]
2018-08-17 13:53:48.065  INFO 11943 --- [ost-startStop-1] o.s.b.w.servlet.FilterRegistrationBean   : Mapping filter: 'characterEncodingFilter' to: [/*]
2018-08-17 13:53:48.065  INFO 11943 --- [ost-startStop-1] o.s.b.w.servlet.FilterRegistrationBean   : Mapping filter: 'hiddenHttpMethodFilter' to: [/*]
2018-08-17 13:53:48.066  INFO 11943 --- [ost-startStop-1] o.s.b.w.servlet.FilterRegistrationBean   : Mapping filter: 'httpPutFormContentFilter' to: [/*]
2018-08-17 13:53:48.066  INFO 11943 --- [ost-startStop-1] o.s.b.w.servlet.FilterRegistrationBean   : Mapping filter: 'requestContextFilter' to: [/*]
2018-08-17 13:53:48.257  INFO 11943 --- [           main] com.zaxxer.hikari.HikariDataSource       : HikariPool-1 - Starting...
2018-08-17 13:53:48.434  INFO 11943 --- [           main] com.zaxxer.hikari.HikariDataSource       : HikariPool-1 - Start completed.
2018-08-17 13:53:48.473  INFO 11943 --- [           main] j.LocalContainerEntityManagerFactoryBean : Building JPA container EntityManagerFactory for persistence unit 'default'
2018-08-17 13:53:48.486  INFO 11943 --- [           main] o.hibernate.jpa.internal.util.LogHelper  : HHH000204: Processing PersistenceUnitInfo [
	name: default
	...]
2018-08-17 13:53:48.547  INFO 11943 --- [           main] org.hibernate.Version                    : HHH000412: Hibernate Core {5.2.17.Final}
2018-08-17 13:53:48.549  INFO 11943 --- [           main] org.hibernate.cfg.Environment            : HHH000206: hibernate.properties not found
2018-08-17 13:53:48.584  INFO 11943 --- [           main] o.hibernate.annotations.common.Version   : HCANN000001: Hibernate Commons Annotations {5.0.1.Final}
2018-08-17 13:53:48.730  INFO 11943 --- [           main] org.hibernate.dialect.Dialect            : HHH000400: Using dialect: org.hibernate.dialect.MySQL5Dialect
2018-08-17 13:53:49.407  INFO 11943 --- [           main] j.LocalContainerEntityManagerFactoryBean : Initialized JPA EntityManagerFactory for persistence unit 'default'
2018-08-17 13:53:50.024  INFO 11943 --- [           main] o.s.w.s.handler.SimpleUrlHandlerMapping  : Mapped URL path [/**/favicon.ico] onto handler of type [class org.springframework.web.servlet.resource.ResourceHttpRequestHandler]
2018-08-17 13:53:50.234  INFO 11943 --- [           main] s.w.s.m.m.a.RequestMappingHandlerAdapter : Looking for @ControllerAdvice: org.springframework.boot.web.servlet.context.AnnotationConfigServletWebServerApplicationContext@64b8f8f4: startup date [Fri Aug 17 13:53:46 UTC 2018]; root of context hierarchy
2018-08-17 13:53:50.275  WARN 11943 --- [           main] aWebConfiguration$JpaWebMvcConfiguration : spring.jpa.open-in-view is enabled by default. Therefore, database queries may be performed during view rendering. Explicitly configure spring.jpa.open-in-view to disable this warning
2018-08-17 13:53:50.306  INFO 11943 --- [           main] s.w.s.m.m.a.RequestMappingHandlerMapping : Mapped "{[/episode/{episodeId}],methods=[GET],produces=[application/json]}" onto public java.lang.String ch.felix.moviedbapi.controller.EpisodeController.getOneEpisode(java.lang.String,org.springframework.ui.Model,javax.servlet.http.HttpServletRequest)
2018-08-17 13:53:50.307  INFO 11943 --- [           main] s.w.s.m.m.a.RequestMappingHandlerMapping : Mapped "{[/list/{timelineId}],methods=[GET]}" onto public java.lang.String ch.felix.moviedbapi.controller.ListController.getOneTimeLine(java.lang.String,org.springframework.ui.Model,javax.servlet.http.HttpServletRequest)
2018-08-17 13:53:50.307  INFO 11943 --- [           main] s.w.s.m.m.a.RequestMappingHandlerMapping : Mapped "{[/list],methods=[GET]}" onto public java.lang.String ch.felix.moviedbapi.controller.ListController.getLists(java.lang.String,org.springframework.ui.Model,javax.servlet.http.HttpServletRequest)
2018-08-17 13:53:50.308  INFO 11943 --- [           main] s.w.s.m.m.a.RequestMappingHandlerMapping : Mapped "{[/season/{seasonId}],methods=[GET],produces=[application/json]}" onto public java.lang.String ch.felix.moviedbapi.controller.SeasonController.getOneSeason(java.lang.String,org.springframework.ui.Model,javax.servlet.http.HttpServletRequest)
2018-08-17 13:53:50.310  INFO 11943 --- [           main] s.w.s.m.m.a.RequestMappingHandlerMapping : Mapped "{[/user/{userId}/role/{role}],methods=[POST],produces=[application/json]}" onto public java.lang.String ch.felix.moviedbapi.controller.UserController.setRole(java.lang.String,java.lang.String,javax.servlet.http.HttpServletRequest)
2018-08-17 13:53:50.310  INFO 11943 --- [           main] s.w.s.m.m.a.RequestMappingHandlerMapping : Mapped "{[/user/{userId}/name],methods=[POST]}" onto public java.lang.String ch.felix.moviedbapi.controller.UserController.setUsername(java.lang.String,java.lang.String,org.springframework.ui.Model,javax.servlet.http.HttpServletRequest)
2018-08-17 13:53:50.310  INFO 11943 --- [           main] s.w.s.m.m.a.RequestMappingHandlerMapping : Mapped "{[/user/{userId}/password],methods=[POST]}" onto public java.lang.String ch.felix.moviedbapi.controller.UserController.setPassword(java.lang.String,java.lang.String,java.lang.String,org.springframework.ui.Model,javax.servlet.http.HttpServletRequest)
2018-08-17 13:53:50.311  INFO 11943 --- [           main] s.w.s.m.m.a.RequestMappingHandlerMapping : Mapped "{[/user/{userId}],methods=[GET],produces=[application/json]}" onto public java.lang.String ch.felix.moviedbapi.controller.UserController.getOneUser(java.lang.String,org.springframework.ui.Model,javax.servlet.http.HttpServletRequest)
2018-08-17 13:53:50.311  INFO 11943 --- [           main] s.w.s.m.m.a.RequestMappingHandlerMapping : Mapped "{[/user],methods=[GET],produces=[application/json]}" onto public java.lang.String ch.felix.moviedbapi.controller.UserController.getUserList(java.lang.String,org.springframework.ui.Model,javax.servlet.http.HttpServletRequest)
2018-08-17 13:53:50.311  INFO 11943 --- [           main] s.w.s.m.m.a.RequestMappingHandlerMapping : Mapped "{[/user/{userId}/delete],methods=[POST],produces=[application/json]}" onto public java.lang.String ch.felix.moviedbapi.controller.UserController.deleteUser(java.lang.String,javax.servlet.http.HttpServletRequest)
2018-08-17 13:53:50.311  INFO 11943 --- [           main] s.w.s.m.m.a.RequestMappingHandlerMapping : Mapped "{[],methods=[GET]}" onto public java.lang.String ch.felix.moviedbapi.controller.HomeController.getDashboard(java.lang.String,java.lang.String,java.lang.String,org.springframework.ui.Model,javax.servlet.http.HttpServletRequest)
2018-08-17 13:53:50.312  INFO 11943 --- [           main] s.w.s.m.m.a.RequestMappingHandlerMapping : Mapped "{[/login],methods=[GET]}" onto public java.lang.String ch.felix.moviedbapi.controller.LoginController.getLogin(org.springframework.ui.Model,javax.servlet.http.HttpServletRequest)
2018-08-17 13:53:50.312  INFO 11943 --- [           main] s.w.s.m.m.a.RequestMappingHandlerMapping : Mapped "{[/login],methods=[POST]}" onto public java.lang.String ch.felix.moviedbapi.controller.LoginController.login(java.lang.String,java.lang.String,java.lang.String,java.lang.String,javax.servlet.http.HttpServletResponse,org.springframework.ui.Model)
2018-08-17 13:53:50.312  INFO 11943 --- [           main] s.w.s.m.m.a.RequestMappingHandlerMapping : Mapped "{[/login/logout],methods=[POST]}" onto public java.lang.String ch.felix.moviedbapi.controller.LoginController.logout(javax.servlet.http.HttpServletRequest)
2018-08-17 13:53:50.313  INFO 11943 --- [           main] s.w.s.m.m.a.RequestMappingHandlerMapping : Mapped "{[/request/create/{userId}],methods=[POST]}" onto public java.lang.String ch.felix.moviedbapi.controller.RequestController.createRequest(java.lang.String,java.lang.String,javax.servlet.http.HttpServletRequest)
2018-08-17 13:53:50.314  INFO 11943 --- [           main] s.w.s.m.m.a.RequestMappingHandlerMapping : Mapped "{[/request/{requestId}/open],methods=[POST]}" onto public java.lang.String ch.felix.moviedbapi.controller.RequestController.openRequest(java.lang.String,javax.servlet.http.HttpServletRequest)
2018-08-17 13:53:50.314  INFO 11943 --- [           main] s.w.s.m.m.a.RequestMappingHandlerMapping : Mapped "{[/request/create],methods=[GET],produces=[application/json]}" onto public java.lang.String ch.felix.moviedbapi.controller.RequestController.getCreateForm(org.springframework.ui.Model,javax.servlet.http.HttpServletRequest)
2018-08-17 13:53:50.314  INFO 11943 --- [           main] s.w.s.m.m.a.RequestMappingHandlerMapping : Mapped "{[/request],methods=[GET],produces=[application/json]}" onto public java.lang.String ch.felix.moviedbapi.controller.RequestController.getRequestList(org.springframework.ui.Model,javax.servlet.http.HttpServletRequest)
2018-08-17 13:53:50.314  INFO 11943 --- [           main] s.w.s.m.m.a.RequestMappingHandlerMapping : Mapped "{[/request/{requestId}/close],methods=[POST]}" onto public java.lang.String ch.felix.moviedbapi.controller.RequestController.closeRequest(java.lang.String,javax.servlet.http.HttpServletRequest)
2018-08-17 13:53:50.315  INFO 11943 --- [           main] s.w.s.m.m.a.RequestMappingHandlerMapping : Mapped "{[/timeline/edit/{timelineId}],methods=[GET]}" onto public java.lang.String ch.felix.moviedbapi.controller.TimelineController.editTimeline(java.lang.String,org.springframework.ui.Model,javax.servlet.http.HttpServletRequest)
2018-08-17 13:53:50.315  INFO 11943 --- [           main] s.w.s.m.m.a.RequestMappingHandlerMapping : Mapped "{[/timeline/edit/{timelineId}],methods=[POST]}" onto public java.lang.String ch.felix.moviedbapi.controller.TimelineController.saveNewMovie(java.lang.String,java.lang.String,java.lang.String,javax.servlet.http.HttpServletRequest)
2018-08-17 13:53:50.316  INFO 11943 --- [           main] s.w.s.m.m.a.RequestMappingHandlerMapping : Mapped "{[/timeline/delete/movie/{movieParId}],methods=[POST]}" onto public java.lang.String ch.felix.moviedbapi.controller.TimelineController.deleteFromList(java.lang.String,javax.servlet.http.HttpServletRequest)
2018-08-17 13:53:50.316  INFO 11943 --- [           main] s.w.s.m.m.a.RequestMappingHandlerMapping : Mapped "{[/timeline/new],methods=[POST]}" onto public java.lang.String ch.felix.moviedbapi.controller.TimelineController.createList(java.lang.String,java.lang.String,javax.servlet.http.HttpServletRequest)
2018-08-17 13:53:50.316  INFO 11943 --- [           main] s.w.s.m.m.a.RequestMappingHandlerMapping : Mapped "{[/timeline/delete/{timelineId}],methods=[POST]}" onto public java.lang.String ch.felix.moviedbapi.controller.TimelineController.deleteTimeline(java.lang.String,org.springframework.ui.Model,javax.servlet.http.HttpServletRequest)
2018-08-17 13:53:50.316  INFO 11943 --- [           main] s.w.s.m.m.a.RequestMappingHandlerMapping : Mapped "{[/timeline/new],methods=[GET]}" onto public java.lang.String ch.felix.moviedbapi.controller.TimelineController.getCreateForm(javax.servlet.http.HttpServletRequest,org.springframework.ui.Model)
2018-08-17 13:53:50.317  INFO 11943 --- [           main] s.w.s.m.m.a.RequestMappingHandlerMapping : Mapped "{[/about/love],methods=[POST]}" onto public java.lang.String ch.felix.moviedbapi.controller.AboutController.sendNice()
2018-08-17 13:53:50.317  INFO 11943 --- [           main] s.w.s.m.m.a.RequestMappingHandlerMapping : Mapped "{[/about],methods=[GET]}" onto public java.lang.String ch.felix.moviedbapi.controller.AboutController.getAboutPage(org.springframework.ui.Model,javax.servlet.http.HttpServletRequest)
2018-08-17 13:53:50.319  INFO 11943 --- [           main] s.w.s.m.m.a.RequestMappingHandlerMapping : Mapped "{[/comment/add/movie],methods=[POST]}" onto public java.lang.String ch.felix.moviedbapi.controller.CommentController.addCommentForMovie(java.lang.String,java.lang.String,javax.servlet.http.HttpServletRequest)
2018-08-17 13:53:50.319  INFO 11943 --- [           main] s.w.s.m.m.a.RequestMappingHandlerMapping : Mapped "{[/comment/add/episode],methods=[POST]}" onto public java.lang.String ch.felix.moviedbapi.controller.CommentController.addCommentForEpisode(java.lang.String,java.lang.String,javax.servlet.http.HttpServletRequest)
2018-08-17 13:53:50.320  INFO 11943 --- [           main] s.w.s.m.m.a.RequestMappingHandlerMapping : Mapped "{[/import/movie],methods=[POST],produces=[application/json]}" onto public java.lang.String ch.felix.moviedbapi.controller.ImportController.importMovies(org.springframework.ui.Model,javax.servlet.http.HttpServletRequest)
2018-08-17 13:53:50.320  INFO 11943 --- [           main] s.w.s.m.m.a.RequestMappingHandlerMapping : Mapped "{[/import/serie],methods=[POST],produces=[application/json]}" onto public java.lang.String ch.felix.moviedbapi.controller.ImportController.importSeries(org.springframework.ui.Model,javax.servlet.http.HttpServletRequest)
2018-08-17 13:53:50.320  INFO 11943 --- [           main] s.w.s.m.m.a.RequestMappingHandlerMapping : Mapped "{[/import/path/movie],methods=[POST]}" onto public java.lang.String ch.felix.moviedbapi.controller.ImportController.setMovieImportPath(java.lang.String,org.springframework.ui.Model,javax.servlet.http.HttpServletRequest)
2018-08-17 13:53:50.321  INFO 11943 --- [           main] s.w.s.m.m.a.RequestMappingHandlerMapping : Mapped "{[/import/path/serie],methods=[POST]}" onto public java.lang.String ch.felix.moviedbapi.controller.ImportController.setSerieImportPath(java.lang.String,org.springframework.ui.Model,javax.servlet.http.HttpServletRequest)
2018-08-17 13:53:50.321  INFO 11943 --- [           main] s.w.s.m.m.a.RequestMappingHandlerMapping : Mapped "{[/import/reset],methods=[POST]}" onto public java.lang.String ch.felix.moviedbapi.controller.ImportController.importReset(org.springframework.ui.Model,javax.servlet.http.HttpServletRequest)
2018-08-17 13:53:50.321  INFO 11943 --- [           main] s.w.s.m.m.a.RequestMappingHandlerMapping : Mapped "{[/movie/{movieId}],methods=[GET]}" onto public java.lang.String ch.felix.moviedbapi.controller.MovieController.getOneMovie(java.lang.String,org.springframework.ui.Model,javax.servlet.http.HttpServletRequest)
2018-08-17 13:53:50.322  INFO 11943 --- [           main] s.w.s.m.m.a.RequestMappingHandlerMapping : Mapped "{[/register],methods=[GET]}" onto public java.lang.String ch.felix.moviedbapi.controller.RegisterController.getRegister(org.springframework.ui.Model,javax.servlet.http.HttpServletRequest)
2018-08-17 13:53:50.322  INFO 11943 --- [           main] s.w.s.m.m.a.RequestMappingHandlerMapping : Mapped "{[/register],methods=[POST]}" onto public java.lang.String ch.felix.moviedbapi.controller.RegisterController.register(java.lang.String,java.lang.String,javax.servlet.http.HttpServletRequest)
2018-08-17 13:53:50.324  INFO 11943 --- [           main] s.w.s.m.m.a.RequestMappingHandlerMapping : Mapped "{[/settings/clear],methods=[POST]}" onto private java.lang.String ch.felix.moviedbapi.controller.SettingsController.clearImportLogs()
2018-08-17 13:53:50.325  INFO 11943 --- [           main] s.w.s.m.m.a.RequestMappingHandlerMapping : Mapped "{[/settings/error],methods=[GET]}" onto public java.lang.String ch.felix.moviedbapi.controller.SettingsController.getErrorLogs(org.springframework.ui.Model,javax.servlet.http.HttpServletRequest)
2018-08-17 13:53:50.325  INFO 11943 --- [           main] s.w.s.m.m.a.RequestMappingHandlerMapping : Mapped "{[/settings],methods=[GET]}" onto private java.lang.String ch.felix.moviedbapi.controller.SettingsController.getSettings(org.springframework.ui.Model,javax.servlet.http.HttpServletRequest)
2018-08-17 13:53:50.325  INFO 11943 --- [           main] s.w.s.m.m.a.RequestMappingHandlerMapping : Mapped "{[/settings/clearactivity],methods=[POST]}" onto private java.lang.String ch.felix.moviedbapi.controller.SettingsController.clearActivityLogs()
2018-08-17 13:53:50.326  INFO 11943 --- [           main] s.w.s.m.m.a.RequestMappingHandlerMapping : Mapped "{[/blog],methods=[GET]}" onto public java.lang.String ch.felix.moviedbapi.controller.BlogController.getBlogList(org.springframework.ui.Model,javax.servlet.http.HttpServletRequest)
2018-08-17 13:53:50.326  INFO 11943 --- [           main] s.w.s.m.m.a.RequestMappingHandlerMapping : Mapped "{[/blog/new/{userId}],methods=[POST]}" onto public java.lang.String ch.felix.moviedbapi.controller.BlogController.saveNewPost(java.lang.String,java.lang.String,java.lang.String,org.springframework.ui.Model,javax.servlet.http.HttpServletRequest)
2018-08-17 13:53:50.326  INFO 11943 --- [           main] s.w.s.m.m.a.RequestMappingHandlerMapping : Mapped "{[/blog/new],methods=[GET]}" onto public java.lang.String ch.felix.moviedbapi.controller.BlogController.getBlogForm(org.springframework.ui.Model,javax.servlet.http.HttpServletRequest)
2018-08-17 13:53:50.326  INFO 11943 --- [           main] s.w.s.m.m.a.RequestMappingHandlerMapping : Mapped "{[/blog/{blogId}/delete],methods=[POST]}" onto public java.lang.String ch.felix.moviedbapi.controller.BlogController.deleteBlog(java.lang.String,org.springframework.ui.Model,javax.servlet.http.HttpServletRequest)
2018-08-17 13:53:50.326  INFO 11943 --- [           main] s.w.s.m.m.a.RequestMappingHandlerMapping : Mapped "{[/movies/{page}],methods=[GET]}" onto public java.lang.String ch.felix.moviedbapi.controller.MoviesController.getMovies(java.lang.Integer,java.lang.String,java.lang.String,java.lang.String,org.springframework.ui.Model,javax.servlet.http.HttpServletRequest)
2018-08-17 13:53:50.327  INFO 11943 --- [           main] s.w.s.m.m.a.RequestMappingHandlerMapping : Mapped "{[/serie/{serieId}],methods=[GET],produces=[application/json]}" onto public java.lang.String ch.felix.moviedbapi.controller.SeriesController.getOneSerie(java.lang.String,org.springframework.ui.Model,javax.servlet.http.HttpServletRequest)
2018-08-17 13:53:50.327  INFO 11943 --- [           main] s.w.s.m.m.a.RequestMappingHandlerMapping : Mapped "{[/serie],methods=[GET],produces=[application/json]}" onto public java.lang.String ch.felix.moviedbapi.controller.SeriesController.getSeries(java.lang.String,java.lang.String,org.springframework.ui.Model,javax.servlet.http.HttpServletRequest)
2018-08-17 13:53:50.327  INFO 11943 --- [           main] s.w.s.m.m.a.RequestMappingHandlerMapping : Mapped "{[/video/episode/{episodeId}],methods=[GET]}" onto public void ch.felix.moviedbapi.controller.VideoController.getEpisode(java.lang.String,javax.servlet.http.HttpServletRequest,javax.servlet.http.HttpServletResponse) throws java.lang.Exception
2018-08-17 13:53:50.327  INFO 11943 --- [           main] s.w.s.m.m.a.RequestMappingHandlerMapping : Mapped "{[/video/movie/{movieId}],methods=[GET]}" onto public void ch.felix.moviedbapi.controller.VideoController.getMovie(java.lang.String,javax.servlet.http.HttpServletRequest,javax.servlet.http.HttpServletResponse) throws java.lang.Exception
2018-08-17 13:53:50.328  INFO 11943 --- [           main] s.w.s.m.m.a.RequestMappingHandlerMapping : Mapped "{[/status],methods=[GET]}" onto public java.lang.String ch.felix.moviedbapi.controller.WidgetController.getServerStatus(org.springframework.ui.Model)
2018-08-17 13:53:50.328  INFO 11943 --- [           main] s.w.s.m.m.a.RequestMappingHandlerMapping : Mapped "{[/status/user],methods=[GET]}" onto public java.lang.String ch.felix.moviedbapi.controller.WidgetController.getCurrentUser(org.springframework.ui.Model,javax.servlet.http.HttpServletRequest)
2018-08-17 13:53:50.329  INFO 11943 --- [           main] s.w.s.m.m.a.RequestMappingHandlerMapping : Mapped "{[/error],produces=[text/html]}" onto public org.springframework.web.servlet.ModelAndView org.springframework.boot.autoconfigure.web.servlet.error.BasicErrorController.errorHtml(javax.servlet.http.HttpServletRequest,javax.servlet.http.HttpServletResponse)
2018-08-17 13:53:50.329  INFO 11943 --- [           main] s.w.s.m.m.a.RequestMappingHandlerMapping : Mapped "{[/error]}" onto public org.springframework.http.ResponseEntity<java.util.Map<java.lang.String, java.lang.Object>> org.springframework.boot.autoconfigure.web.servlet.error.BasicErrorController.error(javax.servlet.http.HttpServletRequest)
2018-08-17 13:53:50.358  INFO 11943 --- [           main] o.s.w.s.handler.SimpleUrlHandlerMapping  : Mapped URL path [/webjars/**] onto handler of type [class org.springframework.web.servlet.resource.ResourceHttpRequestHandler]
2018-08-17 13:53:50.358  INFO 11943 --- [           main] o.s.w.s.handler.SimpleUrlHandlerMapping  : Mapped URL path [/**] onto handler of type [class org.springframework.web.servlet.resource.ResourceHttpRequestHandler]
2018-08-17 13:53:50.731  INFO 11943 --- [           main] o.s.j.e.a.AnnotationMBeanExporter        : Registering beans for JMX exposure on startup
2018-08-17 13:53:50.733  INFO 11943 --- [           main] o.s.j.e.a.AnnotationMBeanExporter        : Bean with name 'dataSource' has been autodetected for JMX exposure
2018-08-17 13:53:50.737  INFO 11943 --- [           main] o.s.j.e.a.AnnotationMBeanExporter        : Located MBean 'dataSource': registering with JMX server as MBean [com.zaxxer.hikari:name=dataSource,type=HikariDataSource]
2018-08-17 13:53:50.769  INFO 11943 --- [           main] o.s.b.w.embedded.tomcat.TomcatWebServer  : Tomcat started on port(s): 8080 (http) with context path ''
2018-08-17 13:53:50.771  INFO 11943 --- [           main] ch.felix.moviedbapi.MovieDb              : Started MovieDb in 4.684 seconds (JVM running for 5.023)
2018-08-17 13:54:08.629  INFO 11943 --- [nio-8080-exec-1] o.a.c.c.C.[Tomcat].[localhost].[/]       : Initializing Spring FrameworkServlet 'dispatcherServlet'
2018-08-17 13:54:08.629  INFO 11943 --- [nio-8080-exec-1] o.s.web.servlet.DispatcherServlet        : FrameworkServlet 'dispatcherServlet': initialization started
2018-08-17 13:54:08.647  INFO 11943 --- [nio-8080-exec-1] o.s.web.servlet.DispatcherServlet        : FrameworkServlet 'dispatcherServlet': initialization completed in 18 ms
2018-08-17 13:54:08.843  INFO 11943 --- [nio-8080-exec-1] o.h.h.i.QueryTranslatorFactoryInitiator  : HHH000397: Using ASTQueryTranslatorFactory
